com.scetia.Pro/build/intermediates/manifest_merge_blame_file/release/manifest-merger-blame-release-report.txt
1<?xml version="1.0" encoding="utf-8"?>
2<manifest xmlns:android="http://schemas.android.com/apk/res/android"
3    package="com.scetia.Pro"
4    android:versionCode="2"
5    android:versionName="1.027" >
6
7    <uses-sdk
8        android:minSdkVersion="19"
8-->src\main\AndroidManifest.xml
9        android:targetSdkVersion="29" />
9-->src\main\AndroidManifest.xml
10
11    <uses-feature android:name="android.hardware.camera" />
11-->src\main\AndroidManifest.xml:6:5-60
11-->src\main\AndroidManifest.xml:6:19-57
12    <uses-feature android:name="android.hardware.camera.autofocus" />
12-->src\main\AndroidManifest.xml:7:5-70
12-->src\main\AndroidManifest.xml:7:19-67
13
14    <uses-permission android:name="android.permission.BLUETOOTH" />
14-->src\main\AndroidManifest.xml:9:5-68
14-->src\main\AndroidManifest.xml:9:22-65
15    <uses-permission android:name="android.permission.BLUETOOTH_ADMIN" />
15-->src\main\AndroidManifest.xml:10:5-74
15-->src\main\AndroidManifest.xml:10:22-71
16    <uses-permission android:name="android.permission.READ_EXTERNAL_STORAGE" />
16-->src\main\AndroidManifest.xml:11:5-80
16-->src\main\AndroidManifest.xml:11:22-77
17    <uses-permission android:name="android.permission.ACCES_MOCK_LOCATION" />
17-->src\main\AndroidManifest.xml:12:5-78
17-->src\main\AndroidManifest.xml:12:22-75
18    <uses-permission android:name="android.permission.READ_PRIVILEGED_PHONE_STATE" />
18-->src\main\AndroidManifest.xml:13:5-86
18-->src\main\AndroidManifest.xml:13:22-83
19    <uses-permission android:name="com.android.launcher.permission.READ_SETTINGS" />
19-->src\main\AndroidManifest.xml:14:5-85
19-->src\main\AndroidManifest.xml:14:22-82
20    <uses-permission android:name="android.permission.WAKE_LOCK" />
20-->src\main\AndroidManifest.xml:15:5-68
20-->src\main\AndroidManifest.xml:15:22-65
21    <uses-permission android:name="android.permission.CHANGE_WIFI_STATE" />
21-->src\main\AndroidManifest.xml:16:5-76
21-->src\main\AndroidManifest.xml:16:22-73
22    <uses-permission android:name="android.permission.ACCESS_WIFI_STATE" />
22-->src\main\AndroidManifest.xml:17:5-76
22-->src\main\AndroidManifest.xml:17:22-73
23    <uses-permission android:name="android.permission.ACCESS_GPS" /> <!-- SDK1.5需要android.permission.GET_TASKS权限判断本程序是否为当前运行的应用? -->
23-->src\main\AndroidManifest.xml:18:5-69
23-->src\main\AndroidManifest.xml:18:22-66
24    <uses-permission android:name="android.permission.WRITE_EXTERNAL_STORAGE" />
24-->src\main\AndroidManifest.xml:19:5-81
24-->src\main\AndroidManifest.xml:19:22-78
25    <uses-permission android:name="android.permission.BROADCAST_STICKY" />
25-->src\main\AndroidManifest.xml:20:5-75
25-->src\main\AndroidManifest.xml:20:22-72
26    <uses-permission android:name="android.permission.READ_PHONE_STATE" />
26-->src\main\AndroidManifest.xml:21:5-75
26-->src\main\AndroidManifest.xml:21:22-72
27    <uses-permission android:name="android.permission.MODIFY_AUDIO_SETTINGS" />
27-->src\main\AndroidManifest.xml:22:5-80
27-->src\main\AndroidManifest.xml:22:22-77
28    <uses-permission android:name="android.permission.RECORD_AUDIO" />
28-->src\main\AndroidManifest.xml:23:5-71
28-->src\main\AndroidManifest.xml:23:22-68
29    <uses-permission android:name="android.permission.BAIDU_LOCATION_SERVICE" />
29-->src\main\AndroidManifest.xml:24:5-81
29-->src\main\AndroidManifest.xml:24:22-78
30    <uses-permission android:name="android.permission.ACCESS_NETWORK_STATE" />
30-->src\main\AndroidManifest.xml:25:5-79
30-->src\main\AndroidManifest.xml:25:22-76
31    <uses-permission android:name="android.permission.ACCESS_COARSE_LOCATION" />
31-->src\main\AndroidManifest.xml:26:5-81
31-->src\main\AndroidManifest.xml:26:22-78
32    <uses-permission android:name="android.permission.INTERNET" />
32-->src\main\AndroidManifest.xml:27:5-67
32-->src\main\AndroidManifest.xml:27:22-64
33    <uses-permission android:name="android.permission.ACCESS_FINE_LOCATION" />
33-->src\main\AndroidManifest.xml:28:5-79
33-->src\main\AndroidManifest.xml:28:22-76
34    <uses-permission android:name="android.permission.READ_CONTACTS" />
34-->src\main\AndroidManifest.xml:29:5-72
34-->src\main\AndroidManifest.xml:29:22-69
35    <uses-permission android:name="android.permission.CALL_PHONE" />
35-->src\main\AndroidManifest.xml:30:5-69
35-->src\main\AndroidManifest.xml:30:22-66
36    <uses-permission android:name="android.permission.READ_SMS" />
36-->src\main\AndroidManifest.xml:31:5-67
36-->src\main\AndroidManifest.xml:31:22-64
37    <uses-permission android:name="android.permission.SEND_SMS" />
37-->src\main\AndroidManifest.xml:32:5-67
37-->src\main\AndroidManifest.xml:32:22-64
38    <uses-permission android:name="android.permission.CAMERA" />
38-->src\main\AndroidManifest.xml:33:5-65
38-->src\main\AndroidManifest.xml:33:22-62
39    <uses-permission android:name="android.permission.RECEIVE_BOOT_COMPLETED" />
39-->src\main\AndroidManifest.xml:34:5-81
39-->src\main\AndroidManifest.xml:34:22-78
40
41    <supports-screens
41-->src\main\AndroidManifest.xml:36:5-41:39
42        android:anyDensity="true"
42-->src\main\AndroidManifest.xml:37:9-34
43        android:largeScreens="true"
43-->src\main\AndroidManifest.xml:38:9-36
44        android:normalScreens="false"
44-->src\main\AndroidManifest.xml:39:9-38
45        android:resizeable="true"
45-->src\main\AndroidManifest.xml:40:9-34
46        android:smallScreens="true" />
46-->src\main\AndroidManifest.xml:41:9-36
47
48    <uses-permission android:name="android.permission.GET_TASKS" />
48-->[:lSUIKit] AndroidManifest.xml:12:5-68
48-->[:lSUIKit] AndroidManifest.xml:12:22-65
49    <uses-permission android:name="android.permission.FLASHLIGHT" />
49-->[cn.bingoogolapple:bga-qrcode-core:1.3.4] AndroidManifest.xml:10:5-69
49-->[cn.bingoogolapple:bga-qrcode-core:1.3.4] AndroidManifest.xml:10:22-66
50
51    <uses-feature
51-->[cn.bingoogolapple:bga-qrcode-core:1.3.4] AndroidManifest.xml:15:5-17:36
52        android:name="android.hardware.camera.flash"
52-->[cn.bingoogolapple:bga-qrcode-core:1.3.4] AndroidManifest.xml:16:9-53
53        android:required="false" />
53-->[cn.bingoogolapple:bga-qrcode-core:1.3.4] AndroidManifest.xml:17:9-33
54
55    <application
55-->src\main\AndroidManifest.xml:43:5-265:19
56        android:name="com.lessu.xieshi.AppApplication"
56-->src\main\AndroidManifest.xml:44:9-39
57        android:allowBackup="true"
57-->src\main\AndroidManifest.xml:45:9-35
58        android:hardwareAccelerated="true"
58-->src\main\AndroidManifest.xml:46:9-43
59        android:icon="@drawable/ic_launcher"
59-->src\main\AndroidManifest.xml:47:9-45
60        android:label="@string/app_name"
60-->src\main\AndroidManifest.xml:48:9-41
61        android:networkSecurityConfig="@xml/network_security_config"
61-->src\main\AndroidManifest.xml:49:9-69
62        android:requestLegacyExternalStorage="true"
62-->src\main\AndroidManifest.xml:50:9-52
63        android:theme="@style/AppTheme" >
63-->src\main\AndroidManifest.xml:51:9-40
64
65        <!--
66         API24以下的apk安装再全面屏手机上时因为默认长宽比比较小，底部会出现黑色间隔，添加此配置，可是界面充满屏幕，24以上
67        默认支持全屏
68        -->
69        <meta-data
69-->src\main\AndroidManifest.xml:56:9-58:35
70            android:name="android.max_aspect"
70-->src\main\AndroidManifest.xml:57:13-46
71            android:value="2.4" />
71-->src\main\AndroidManifest.xml:58:13-32
72        <meta-data
72-->src\main\AndroidManifest.xml:59:9-61:64
73            android:name="com.baidu.lbsapi.API_KEY"
73-->src\main\AndroidManifest.xml:60:13-52
74            android:value="BAgwg7AXl1KAMG9UbyhTrdw6jw4x3iz0" />
74-->src\main\AndroidManifest.xml:61:13-61
75
76        <activity
76-->src\main\AndroidManifest.xml:63:9-72:20
77            android:name="com.lessu.xieshi.login.LoginActivity"
77-->src\main\AndroidManifest.xml:64:13-48
78            android:hardwareAccelerated="true"
78-->src\main\AndroidManifest.xml:65:13-47
79            android:label="@string/app_name" >
79-->src\main\AndroidManifest.xml:66:13-45
80            <intent-filter>
80-->src\main\AndroidManifest.xml:67:13-71:29
81                <action android:name="android.intent.action.MAIN" />
81-->src\main\AndroidManifest.xml:68:17-69
81-->src\main\AndroidManifest.xml:68:25-66
82
83                <category android:name="android.intent.category.LAUNCHER" />
83-->src\main\AndroidManifest.xml:70:17-77
83-->src\main\AndroidManifest.xml:70:27-74
84            </intent-filter>
85        </activity>
86        <activity
86-->src\main\AndroidManifest.xml:73:9-75:66
87            android:name="com.lessu.xieshi.construction.SampleListActivity"
87-->src\main\AndroidManifest.xml:74:13-60
88            android:label="@string/title_activity_sample_list" />
88-->src\main\AndroidManifest.xml:75:13-63
89        <activity
89-->src\main\AndroidManifest.xml:76:9-78:61
90            android:name="com.lessu.xieshi.QRCodeActivity"
90-->src\main\AndroidManifest.xml:77:13-43
91            android:label="@string/title_activity_qrcode" />
91-->src\main\AndroidManifest.xml:78:13-58
92        <activity
92-->src\main\AndroidManifest.xml:79:9-81:68
93            android:name="com.lessu.xieshi.ReportDetailActivity"
93-->src\main\AndroidManifest.xml:80:13-49
94            android:label="@string/title_activity_report_detail" />
94-->src\main\AndroidManifest.xml:81:13-65
95        <activity
95-->src\main\AndroidManifest.xml:82:9-84:68
96            android:name="com.lessu.xieshi.construction.SampleDetailActivity"
96-->src\main\AndroidManifest.xml:83:13-62
97            android:label="@string/title_activity_sample_detail" />
97-->src\main\AndroidManifest.xml:84:13-65
98        <activity
98-->src\main\AndroidManifest.xml:85:9-87:63
99            android:name="com.lessu.xieshi.login.ValidateActivity"
99-->src\main\AndroidManifest.xml:86:13-51
100            android:label="@string/title_activity_validate" />
100-->src\main\AndroidManifest.xml:87:13-60
101        <activity
101-->src\main\AndroidManifest.xml:88:9-90:68
102            android:name="com.lessu.xieshi.dataauditing.DataAuditingActivity"
102-->src\main\AndroidManifest.xml:89:13-62
103            android:label="@string/title_activity_data_auditing" />
103-->src\main\AndroidManifest.xml:90:13-65
104        <activity
104-->src\main\AndroidManifest.xml:91:9-93:72
105            android:name="com.lessu.xieshi.construction.ConstructionListActivity"
105-->src\main\AndroidManifest.xml:92:13-66
106            android:label="@string/title_activity_construction_list" />
106-->src\main\AndroidManifest.xml:93:13-69
107        <activity
107-->src\main\AndroidManifest.xml:94:9-96:67
108            android:name="com.lessu.xieshi.map.ProjectListActivity"
108-->src\main\AndroidManifest.xml:95:13-52
109            android:label="@string/title_activity_project_list" />
109-->src\main\AndroidManifest.xml:96:13-64
110        <activity
110-->src\main\AndroidManifest.xml:97:9-99:67
111            android:name="com.lessu.xieshi.SlidingMenuActivity"
111-->src\main\AndroidManifest.xml:98:13-48
112            android:label="@string/title_activity_sliding_menu" />
112-->src\main\AndroidManifest.xml:99:13-64
113        <activity
113-->src\main\AndroidManifest.xml:100:9-102:66
114            android:name="com.lessu.xieshi.dataauditing.DataSearchActivity"
114-->src\main\AndroidManifest.xml:101:13-60
115            android:label="@string/title_activity_data_search" />
115-->src\main\AndroidManifest.xml:102:13-63
116        <activity
116-->src\main\AndroidManifest.xml:103:9-105:75
117            android:name="com.lessu.xieshi.XieShiSlidingMenuActivity"
117-->src\main\AndroidManifest.xml:104:13-54
118            android:label="@string/title_activity_xie_shi_sliding_menu" />
118-->src\main\AndroidManifest.xml:105:13-72
119        <activity
119-->src\main\AndroidManifest.xml:106:9-108:70
120            android:name="com.lessu.xieshi.dataauditing.AuditingDetailActivity"
120-->src\main\AndroidManifest.xml:107:13-64
121            android:label="@string/title_activity_auditing_detail" />
121-->src\main\AndroidManifest.xml:108:13-67
122        <activity
122-->src\main\AndroidManifest.xml:109:9-111:67
123            android:name="com.lessu.xieshi.dataexamine.DataExamineActivity"
123-->src\main\AndroidManifest.xml:110:13-60
124            android:label="@string/title_activity_data_examine" />
124-->src\main\AndroidManifest.xml:111:13-64
125        <activity
125-->src\main\AndroidManifest.xml:112:9-114:71
126            android:name="com.lessu.xieshi.todaystatistics.TodayStatisticsActivity"
126-->src\main\AndroidManifest.xml:113:13-68
127            android:label="@string/title_activity_today_statistics" />
127-->src\main\AndroidManifest.xml:114:13-68
128        <activity
128-->src\main\AndroidManifest.xml:115:9-117:74
129            android:name="com.lessu.xieshi.construction.ConstructionSearchActivity"
129-->src\main\AndroidManifest.xml:116:13-68
130            android:label="@string/title_activity_construction_search" />
130-->src\main\AndroidManifest.xml:117:13-71
131        <activity
131-->src\main\AndroidManifest.xml:118:9-120:74
132            android:name="com.lessu.xieshi.construction.ConstructionDetailActivity"
132-->src\main\AndroidManifest.xml:119:13-68
133            android:label="@string/title_activity_construction_detail" />
133-->src\main\AndroidManifest.xml:120:13-71
134        <activity
134-->src\main\AndroidManifest.xml:121:9-123:74
135            android:name="com.lessu.xieshi.unqualified.UnqualifiedSearchActivity"
135-->src\main\AndroidManifest.xml:122:13-66
136            android:label="@string/title_activity_unqualifield_search" />
136-->src\main\AndroidManifest.xml:123:13-71
137        <activity
137-->src\main\AndroidManifest.xml:124:9-126:66
138            android:name="com.lessu.xieshi.unqualified.TestReportActivity"
138-->src\main\AndroidManifest.xml:125:13-59
139            android:label="@string/title_activity_test_report" />
139-->src\main\AndroidManifest.xml:126:13-63
140        <activity
140-->src\main\AndroidManifest.xml:127:9-129:69
141            android:name="com.lessu.xieshi.ReportPreviewActivity"
141-->src\main\AndroidManifest.xml:128:13-50
142            android:label="@string/title_activity_report_preview" />
142-->src\main\AndroidManifest.xml:129:13-66
143        <activity
143-->src\main\AndroidManifest.xml:130:9-132:69
144            android:name="com.lessu.xieshi.RecordPreviewActivity"
144-->src\main\AndroidManifest.xml:131:13-50
145            android:label="@string/title_activity_record_preview" />
145-->src\main\AndroidManifest.xml:132:13-66
146        <activity
146-->src\main\AndroidManifest.xml:133:9-135:69
147            android:name="com.lessu.xieshi.dataexamine.ExamineSearchActivity"
147-->src\main\AndroidManifest.xml:134:13-62
148            android:label="@string/title_activity_examine_search" />
148-->src\main\AndroidManifest.xml:135:13-66
149        <activity
149-->src\main\AndroidManifest.xml:136:9-138:69
150            android:name="com.lessu.xieshi.dataexamine.ExamineDetailActivity"
150-->src\main\AndroidManifest.xml:137:13-62
151            android:label="@string/title_activity_examine_detail" />
151-->src\main\AndroidManifest.xml:138:13-66
152        <activity
152-->src\main\AndroidManifest.xml:139:9-141:69
153            android:name="com.lessu.xieshi.construction.TestConstractActivity"
153-->src\main\AndroidManifest.xml:140:13-63
154            android:label="@string/title_activity_test_constract" />
154-->src\main\AndroidManifest.xml:141:13-66
155        <activity
155-->src\main\AndroidManifest.xml:142:9-144:68
156            android:name="com.lessu.xieshi.construction.SampleSearchActivity"
156-->src\main\AndroidManifest.xml:143:13-62
157            android:label="@string/title_activity_sample_search" />
157-->src\main\AndroidManifest.xml:144:13-65
158        <activity
158-->src\main\AndroidManifest.xml:145:9-147:69
159            android:name="com.lessu.xieshi.unqualified.ReportContentActivity"
159-->src\main\AndroidManifest.xml:146:13-62
160            android:label="@string/title_activity_report_content" />
160-->src\main\AndroidManifest.xml:147:13-66
161        <activity
161-->src\main\AndroidManifest.xml:148:9-150:69
162            android:name="com.lessu.xieshi.unqualified.SampleListActivity"
162-->src\main\AndroidManifest.xml:149:13-59
163            android:label="@string/title_activity_report_content" />
163-->src\main\AndroidManifest.xml:150:13-66
164        <activity
164-->src\main\AndroidManifest.xml:151:9-153:69
165            android:name="com.lessu.xieshi.unqualified.SampleDetailActivity"
165-->src\main\AndroidManifest.xml:152:13-61
166            android:label="@string/title_activity_report_content" />
166-->src\main\AndroidManifest.xml:153:13-66
167        <activity
167-->src\main\AndroidManifest.xml:154:9-156:32
168            android:name="com.lessu.xieshi.map.ProjectSearchActivity"
168-->src\main\AndroidManifest.xml:155:13-54
169            android:label="" />
169-->src\main\AndroidManifest.xml:156:13-29
170
171        <service
171-->src\main\AndroidManifest.xml:158:9-165:19
172            android:name="com.baidu.location.f"
172-->src\main\AndroidManifest.xml:159:13-48
173            android:enabled="true"
173-->src\main\AndroidManifest.xml:160:13-35
174            android:process=":remote" >
174-->src\main\AndroidManifest.xml:161:13-38
175            <intent-filter>
175-->src\main\AndroidManifest.xml:162:13-164:29
176                <action android:name="com.baidu.location.service_v2.2" />
176-->src\main\AndroidManifest.xml:163:17-74
176-->src\main\AndroidManifest.xml:163:25-71
177            </intent-filter>
178        </service>
179
180        <activity
180-->src\main\AndroidManifest.xml:167:9-169:69
181            android:name="com.lessu.xieshi.uploadpicture.UploadPictureActivity"
181-->src\main\AndroidManifest.xml:168:13-64
182            android:label="@string/title_activity_upload_picture" />
182-->src\main\AndroidManifest.xml:169:13-66
183        <activity
183-->src\main\AndroidManifest.xml:170:9-172:68
184            android:name="com.lessu.xieshi.uploadpicture.ImageGalleryActivity"
184-->src\main\AndroidManifest.xml:171:13-63
185            android:label="@string/title_activity_image_gallery" />
185-->src\main\AndroidManifest.xml:172:13-65
186        <activity
186-->src\main\AndroidManifest.xml:173:9-175:76
187            android:name="com.lessu.xieshi.dataexamine.ExamineReportDetailActivity"
187-->src\main\AndroidManifest.xml:174:13-68
188            android:label="@string/title_activity_examine_report_detail" />
188-->src\main\AndroidManifest.xml:175:13-73
189        <activity
189-->src\main\AndroidManifest.xml:176:9-178:74
190            android:name="com.lessu.xieshi.dataexamine.ExamineSampleListActivity"
190-->src\main\AndroidManifest.xml:177:13-66
191            android:label="@string/title_activity_examine_sample_list" />
191-->src\main\AndroidManifest.xml:178:13-71
192        <activity
192-->src\main\AndroidManifest.xml:179:9-181:76
193            android:name="com.lessu.xieshi.dataexamine.ExamineSampleDetailActivity"
193-->src\main\AndroidManifest.xml:180:13-68
194            android:label="@string/title_activity_examine_sample_detail" />
194-->src\main\AndroidManifest.xml:181:13-73
195        <activity
195-->src\main\AndroidManifest.xml:182:9-184:69
196            android:name="com.lessu.xieshi.dataexamine.ExamineParamsActivity"
196-->src\main\AndroidManifest.xml:183:13-62
197            android:label="@string/title_activity_examine_params" />
197-->src\main\AndroidManifest.xml:184:13-66
198        <activity
198-->src\main\AndroidManifest.xml:185:9-187:77
199            android:name="com.lessu.xieshi.todaystatistics.AdminTodayStatisticsActivity"
199-->src\main\AndroidManifest.xml:186:13-73
200            android:label="@string/title_activity_admin_today_statistics" />
200-->src\main\AndroidManifest.xml:187:13-74
201        <activity
201-->src\main\AndroidManifest.xml:188:9-190:84
202            android:name="com.lessu.xieshi.todaystatistics.AdminTodayStatisticsSearchActivity"
202-->src\main\AndroidManifest.xml:189:13-79
203            android:label="@string/title_activity_admin_today_statistics_search" />
203-->src\main\AndroidManifest.xml:190:13-81
204        <activity
204-->src\main\AndroidManifest.xml:191:9-193:68
205            android:name="com.lessu.xieshi.construction.QrcodeDetailActivity"
205-->src\main\AndroidManifest.xml:192:13-62
206            android:label="@string/title_activity_qrcode_detail" />
206-->src\main\AndroidManifest.xml:193:13-65
207        <activity
207-->src\main\AndroidManifest.xml:194:9-196:72
208            android:name="com.lessu.xieshi.unqualified.ConstructionListActivity"
208-->src\main\AndroidManifest.xml:195:13-65
209            android:label="@string/title_activity_construction_list" />
209-->src\main\AndroidManifest.xml:196:13-69
210        <activity
210-->src\main\AndroidManifest.xml:197:9-199:78
211            android:name="com.lessu.xieshi.todaystatistics.TodayStatisticsDetailActivity"
211-->src\main\AndroidManifest.xml:198:13-74
212            android:label="@string/title_activity_today_statistics_detail" />
212-->src\main\AndroidManifest.xml:199:13-75
213        <activity
213-->src\main\AndroidManifest.xml:200:9-202:62
214            android:name="com.lessu.xieshi.SettingActivity"
214-->src\main\AndroidManifest.xml:201:13-44
215            android:label="@string/title_activity_setting" />
215-->src\main\AndroidManifest.xml:202:13-59
216        <activity
216-->src\main\AndroidManifest.xml:203:9-205:62
217            android:name="com.lessu.xieshi.ServiceActivity"
217-->src\main\AndroidManifest.xml:204:13-44
218            android:label="@string/title_activity_service" />
218-->src\main\AndroidManifest.xml:205:13-59
219        <activity
219-->src\main\AndroidManifest.xml:206:9-208:63
220            android:name="com.lessu.xieshi.PasswordActivity"
220-->src\main\AndroidManifest.xml:207:13-45
221            android:label="@string/title_activity_password" />
221-->src\main\AndroidManifest.xml:208:13-60
222        <activity
222-->src\main\AndroidManifest.xml:209:9-211:72
223            android:name="com.lessu.xieshi.PasswordCompleteActivity"
223-->src\main\AndroidManifest.xml:210:13-53
224            android:label="@string/title_activity_password_complete" />
224-->src\main\AndroidManifest.xml:211:13-69
225        <activity
225-->src\main\AndroidManifest.xml:212:9-214:52
226            android:name="com.lessu.xieshi.login.FirstActivity"
226-->src\main\AndroidManifest.xml:213:13-48
227            android:screenOrientation="portrait" />
227-->src\main\AndroidManifest.xml:214:13-49
228        <activity android:name="com.lessu.xieshi.scan.ScanActivity" />
228-->src\main\AndroidManifest.xml:215:9-55
228-->src\main\AndroidManifest.xml:215:19-52
229        <activity
229-->src\main\AndroidManifest.xml:216:9-218:49
230            android:name="com.lessu.xieshi.scan.BluetoothActivity"
230-->src\main\AndroidManifest.xml:217:13-51
231            android:label="BluetoothActivity" />
231-->src\main\AndroidManifest.xml:218:13-46
232        <activity
232-->src\main\AndroidManifest.xml:219:9-221:49
233            android:name="com.lessu.xieshi.scan.PrintDataActivity"
233-->src\main\AndroidManifest.xml:220:13-51
234            android:label="PrintDataActivity" />
234-->src\main\AndroidManifest.xml:221:13-46
235        <activity android:name="com.lessu.xieshi.test.TestActivity" />
235-->src\main\AndroidManifest.xml:222:9-55
235-->src\main\AndroidManifest.xml:222:19-52
236        <activity android:name="com.lessu.xieshi.scan.ConnectblueActivity" />
236-->src\main\AndroidManifest.xml:223:9-62
236-->src\main\AndroidManifest.xml:223:19-59
237        <activity android:name="com.lessu.xieshi.scan.ShebeixinxiActivity" />
237-->src\main\AndroidManifest.xml:224:9-62
237-->src\main\AndroidManifest.xml:224:19-59
238        <activity android:name="com.lessu.xieshi.scan.ShujvjiaohuActivity" />
238-->src\main\AndroidManifest.xml:225:9-62
238-->src\main\AndroidManifest.xml:225:19-59
239        <activity android:name="com.lessu.xieshi.scan.YangpinqverenActivity" />
239-->src\main\AndroidManifest.xml:226:9-64
239-->src\main\AndroidManifest.xml:226:19-61
240        <activity android:name="com.lessu.xieshi.scan.ShenqingshangbaoActivity" />
240-->src\main\AndroidManifest.xml:227:9-67
240-->src\main\AndroidManifest.xml:227:19-64
241        <activity android:name="com.lessu.xieshi.scan.ShenhexiazaiActivity" />
241-->src\main\AndroidManifest.xml:228:9-63
241-->src\main\AndroidManifest.xml:228:19-60
242        <activity android:name="com.lessu.xieshi.scan.RukuchakanActivity" />
242-->src\main\AndroidManifest.xml:229:9-61
242-->src\main\AndroidManifest.xml:229:19-58
243        <activity android:name="com.lessu.xieshi.scan.YangpinshibieActivity" />
243-->src\main\AndroidManifest.xml:230:9-64
243-->src\main\AndroidManifest.xml:230:19-61
244        <activity android:name="com.lessu.xieshi.mis.activitys.MisguideActivity" />
244-->src\main\AndroidManifest.xml:231:9-68
244-->src\main\AndroidManifest.xml:231:19-65
245        <activity android:name="com.lessu.xieshi.mis.activitys.MisHysearchActivity" />
245-->src\main\AndroidManifest.xml:232:9-71
245-->src\main\AndroidManifest.xml:232:19-68
246        <activity android:name="com.lessu.xieshi.mis.activitys.HydetailActivity" />
246-->src\main\AndroidManifest.xml:233:9-68
246-->src\main\AndroidManifest.xml:233:19-65
247        <activity android:name="com.lessu.xieshi.mis.activitys.MisZssearchActivity" />
247-->src\main\AndroidManifest.xml:234:9-71
247-->src\main\AndroidManifest.xml:234:19-68
248        <activity android:name="com.lessu.xieshi.mis.activitys.ZsdetailActivity" />
248-->src\main\AndroidManifest.xml:235:9-68
248-->src\main\AndroidManifest.xml:235:19-65
249        <activity android:name="com.lessu.xieshi.mis.activitys.MisPinguActivity" />
249-->src\main\AndroidManifest.xml:236:9-68
249-->src\main\AndroidManifest.xml:236:19-65
250        <activity android:name="com.lessu.xieshi.mis.activitys.PgdetailActivity" />
250-->src\main\AndroidManifest.xml:237:9-68
250-->src\main\AndroidManifest.xml:237:19-65
251        <activity android:name="com.lessu.xieshi.mis.activitys.MistongzhiActivity" />
251-->src\main\AndroidManifest.xml:238:9-70
251-->src\main\AndroidManifest.xml:238:19-67
252        <activity android:name="com.lessu.xieshi.mis.activitys.TzdetailActivity" />
252-->src\main\AndroidManifest.xml:239:9-68
252-->src\main\AndroidManifest.xml:239:19-65
253        <activity android:name="com.lessu.xieshi.mis.activitys.MisnianjiaActivity" />
253-->src\main\AndroidManifest.xml:240:9-70
253-->src\main\AndroidManifest.xml:240:19-67
254        <activity android:name="com.lessu.xieshi.mis.activitys.MisnianjiaspActivity" />
254-->src\main\AndroidManifest.xml:241:9-72
254-->src\main\AndroidManifest.xml:241:19-69
255        <activity android:name="com.lessu.xieshi.mis.activitys.MisnjsqActivity" />
255-->src\main\AndroidManifest.xml:242:9-67
255-->src\main\AndroidManifest.xml:242:19-64
256        <activity android:name="com.lessu.xieshi.tianqi.activitys.TianqiActivity" >
256-->src\main\AndroidManifest.xml:243:9-244:20
256-->src\main\AndroidManifest.xml:243:19-66
257        </activity>
258        <activity android:name="com.lessu.xieshi.todaystatistics.AdminTodayinfoActivity" />
258-->src\main\AndroidManifest.xml:245:9-76
258-->src\main\AndroidManifest.xml:245:19-73
259        <activity android:name="com.lessu.xieshi.todaystatistics.XianchangActivity" />
259-->src\main\AndroidManifest.xml:246:9-71
259-->src\main\AndroidManifest.xml:246:19-68
260        <activity android:name="com.lessu.xieshi.todaystatistics.XianchangdetailActivity" />
260-->src\main\AndroidManifest.xml:247:9-77
260-->src\main\AndroidManifest.xml:247:19-74
261        <activity android:name="com.lessu.xieshi.todaystatistics.GongchengActivity" />
261-->src\main\AndroidManifest.xml:248:9-71
261-->src\main\AndroidManifest.xml:248:19-68
262        <activity android:name="com.lessu.xieshi.mis.activitys.MisComparisonAprovalActivity" />
262-->src\main\AndroidManifest.xml:249:9-80
262-->src\main\AndroidManifest.xml:249:19-77
263        <activity android:name="com.lessu.xieshi.mis.activitys.MisComparionObjActivity" />
263-->src\main\AndroidManifest.xml:250:9-75
263-->src\main\AndroidManifest.xml:250:19-72
264        <activity android:name="com.lessu.xieshi.training.LearnDataActivity" />
264-->src\main\AndroidManifest.xml:251:9-63
264-->src\main\AndroidManifest.xml:251:19-61
265        <activity
265-->src\main\AndroidManifest.xml:252:9-254:50
266            android:name="com.lessu.xieshi.training.OnlineLearnActivity"
266-->src\main\AndroidManifest.xml:252:19-63
267            android:configChanges="orientation|screenSize|keyboardHidden"
267-->src\main\AndroidManifest.xml:253:13-74
268            android:hardwareAccelerated="true" />
268-->src\main\AndroidManifest.xml:254:13-47
269        <activity android:name="com.lessu.xieshi.training.TrainingActivity" /> <!-- BAgwg7AXl1KAMG9UbyhTrdw6jw4x3iz0" -->
269-->src\main\AndroidManifest.xml:255:9-63
269-->src\main\AndroidManifest.xml:255:19-60
270        <provider
271            android:name="android.support.v4.content.FileProvider"
271-->src\main\AndroidManifest.xml:258:13-67
272            android:authorities="com.scetia.Pro.fileprovider"
272-->src\main\AndroidManifest.xml:257:13-64
273            android:exported="false"
273-->src\main\AndroidManifest.xml:259:13-37
274            android:grantUriPermissions="true" >
274-->src\main\AndroidManifest.xml:260:13-47
275            <meta-data
275-->src\main\AndroidManifest.xml:261:13-263:52
276                android:name="android.support.FILE_PROVIDER_PATHS"
276-->src\main\AndroidManifest.xml:262:17-67
277                android:resource="@xml/file_path" />
277-->src\main\AndroidManifest.xml:263:17-50
278        </provider>
279
280        <uses-library
280-->[:lSUIKit] AndroidManifest.xml:21:9-23:40
281            android:name="org.apache.http.legacy"
281-->[:lSUIKit] AndroidManifest.xml:22:13-50